#
# There is insufficient memory for the Java Runtime Environment to continue.
# Native memory allocation (malloc) failed to allocate 765776 bytes for Chunk::new
# Possible reasons:
#   The system is out of physical RAM or swap space
#   The process is running with CompressedOops enabled, and the Java Heap may be blocking the growth of the native heap
# Possible solutions:
#   Reduce memory load on the system
#   Increase physical memory or swap space
#   Check if swap backing store is full
#   Decrease Java heap size (-Xmx/-Xms)
#   Decrease number of Java threads
#   Decrease Java thread stack sizes (-Xss)
#   Set larger code cache with -XX:ReservedCodeCacheSize=
#   JVM is running with Unscaled Compressed Oops mode in which the Java heap is
#     placed in the first 4GB address space. The Java Heap base address is the
#     maximum limit for the native heap growth. Please use -XX:HeapBaseMinAddress
#     to set the Java Heap base and to place the Java Heap above 4GB virtual address.
# This output file may be truncated or incomplete.
#
#  Out of Memory Error (allocation.cpp:389), pid=61812, tid=0x0000000000003ab8
#
# JRE version: Java(TM) SE Runtime Environment (8.0_251-b08) (build 1.8.0_251-b08)
# Java VM: Java HotSpot(TM) 64-Bit Server VM (25.251-b08 mixed mode windows-amd64 compressed oops)
# Failed to write core dump. Minidumps are not enabled by default on client versions of Windows
#

---------------  T H R E A D  ---------------

Current thread (0x00000000190f7800):  JavaThread "C2 CompilerThread1" daemon [_thread_in_native, id=15032, stack(0x00000000198c0000,0x00000000199c0000)]

Stack: [0x00000000198c0000,0x00000000199c0000]
[error occurred during error reporting (printing stack bounds), id 0xc0000005]

Native frames: (J=compiled Java code, j=interpreted, Vv=VM code, C=native code)


Current CompileTask:
C2:  11607 4176       4       org.codehaus.plexus.classworlds.realm.ClassRealm::loadClass (7 bytes)


---------------  P R O C E S S  ---------------

Java Threads: ( => current thread )
  0x000000001e683000 JavaThread "http-bio-8039-exec-2" daemon [_thread_blocked, id=58364, stack(0x000000001f7b0000,0x000000001f8b0000)]
  0x000000001e689000 JavaThread "http-bio-8039-exec-1" daemon [_thread_in_vm, id=66032, stack(0x000000001f6b0000,0x000000001f7b0000)]
  0x000000001e685800 JavaThread "http-bio-8039-AsyncTimeout" daemon [_thread_blocked, id=64368, stack(0x0000000021d60000,0x0000000021e60000)]
  0x000000001e682800 JavaThread "http-bio-8039-Acceptor-0" daemon [_thread_in_native, id=63412, stack(0x0000000021c60000,0x0000000021d60000)]
  0x000000001e686000 JavaThread "ContainerBackgroundProcessor[StandardEngine[Tomcat]]" daemon [_thread_blocked, id=38172, stack(0x00000000218e0000,0x00000000219e0000)]
  0x000000001e684800 JavaThread "Thread-2" daemon [_thread_in_native, id=62772, stack(0x0000000021a10000,0x0000000021b10000)]
  0x000000001e688800 JavaThread "localhost-startStop-1" daemon [_thread_blocked, id=59612, stack(0x000000001f1b0000,0x000000001f2b0000)]
  0x000000001e684000 JavaThread "Tomcat-startStop-1" daemon [_thread_blocked, id=52900, stack(0x000000001f0b0000,0x000000001f1b0000)]
  0x0000000019158800 JavaThread "Service Thread" daemon [_thread_blocked, id=63724, stack(0x0000000019ac0000,0x0000000019bc0000)]
  0x000000001914c000 JavaThread "C1 CompilerThread2" daemon [_thread_blocked, id=61636, stack(0x00000000199c0000,0x0000000019ac0000)]
=>0x00000000190f7800 JavaThread "C2 CompilerThread1" daemon [_thread_in_native, id=15032, stack(0x00000000198c0000,0x00000000199c0000)]
  0x00000000190f5800 JavaThread "C2 CompilerThread0" daemon [_thread_in_native, id=40072, stack(0x00000000197c0000,0x00000000198c0000)]
  0x00000000190df000 JavaThread "Monitor Ctrl-Break" daemon [_thread_in_native, id=63280, stack(0x00000000196c0000,0x00000000197c0000)]
  0x0000000017dba800 JavaThread "Attach Listener" daemon [_thread_blocked, id=33072, stack(0x00000000195c0000,0x00000000196c0000)]
  0x00000000190c8800 JavaThread "Signal Dispatcher" daemon [_thread_blocked, id=58880, stack(0x00000000194c0000,0x00000000195c0000)]
  0x000000000328b000 JavaThread "Finalizer" daemon [_thread_blocked, id=63584, stack(0x0000000018fc0000,0x00000000190c0000)]
  0x0000000003282000 JavaThread "Reference Handler" daemon [_thread_blocked, id=33616, stack(0x0000000018ec0000,0x0000000018fc0000)]
  0x0000000003192800 JavaThread "main" [_thread_blocked, id=41748, stack(0x0000000002e80000,0x0000000002f80000)]

Other Threads:
  0x0000000017d28000 VMThread [stack: 0x0000000018dc0000,0x0000000018ec0000] [id=59120]
  0x000000001918e000 WatcherThread [stack: 0x0000000019bc0000,0x0000000019cc0000] [id=60184]

VM state:not at safepoint (normal execution)

VM Mutex/Monitor currently owned by a thread: None

heap address: 0x0000000082200000, size: 2014 MB, Compressed Oops mode: 32-bit
Narrow klass base: 0x0000000000000000, Narrow klass shift: 3
Compressed class space size: 1073741824 Address: 0x0000000100000000

Heap:
 PSYoungGen      total 70656K, used 7640K [0x00000000d6100000, 0x00000000dab00000, 0x0000000100000000)
  eden space 65536K, 3% used [0x00000000d6100000,0x00000000d6376dd0,0x00000000da100000)
  from space 5120K, 99% used [0x00000000da100000,0x00000000da5ff5b8,0x00000000da600000)
  to   space 5120K, 0% used [0x00000000da600000,0x00000000da600000,0x00000000dab00000)
 ParOldGen       total 68608K, used 47858K [0x0000000082200000, 0x0000000086500000, 0x00000000d6100000)
  object space 68608K, 69% used [0x0000000082200000,0x00000000850bc940,0x0000000086500000)
 Metaspace       used 26424K, capacity 27038K, committed 27264K, reserved 1073152K
  class space    used 3129K, capacity 3329K, committed 3456K, reserved 1048576K

Card table byte_map: [0x0000000012650000,0x0000000012a40000] byte_map_base: 0x000000001223f000

Marking Bits: (ParMarkBitMap*) 0x0000000070b3af90
 Begin Bits: [0x00000000130e0000, 0x0000000015058000)
 End Bits:   [0x0000000015058000, 0x0000000016fd0000)

Polling page: 0x0000000001330000

CodeCache: size=245760Kb used=12154Kb max_used=14061Kb free=233605Kb
 bounds [0x0000000003290000, 0x00000000040a0000, 0x0000000012290000]
 total_blobs=4014 nmethods=3595 adapters=331
 compilation: enabled

Compilation events (10 events):
Event: 11.575 Thread 0x000000001914c000 4182       3       java.util.TreeMap::rotateLeft (96 bytes)
Event: 11.576 Thread 0x000000001914c000 nmethod 4182 0x00000000035a1010 code [0x00000000035a1180, 0x00000000035a14d0]
Event: 11.579 Thread 0x000000001914c000 4183 %     3       sun.nio.cs.SingleByte::initC2B @ 3 (233 bytes)
Event: 11.579 Thread 0x000000001914c000 nmethod 4183% 0x00000000034827d0 code [0x0000000003482980, 0x00000000034830f0]
Event: 11.580 Thread 0x000000001914c000 4184 %     3       sun.nio.cs.SingleByte::initC2B @ 25 (233 bytes)
Event: 11.581 Thread 0x000000001914c000 nmethod 4184% 0x0000000003811c90 code [0x0000000003811e60, 0x00000000038125d0]
Event: 11.582 Thread 0x000000001914c000 4185       3       sun.nio.cs.SingleByte::initC2B (233 bytes)
Event: 11.583 Thread 0x000000001914c000 nmethod 4185 0x0000000003ea6410 code [0x0000000003ea65c0, 0x0000000003ea6c70]
Event: 11.595 Thread 0x000000001914c000 4186       3       sun.reflect.Reflection::isSubclassOf (21 bytes)
Event: 11.595 Thread 0x000000001914c000 nmethod 4186 0x0000000003e40490 code [0x0000000003e40600, 0x0000000003e408e8]

GC Heap History (10 events):
Event: 6.032 GC heap before
{Heap before GC invocations=11 (full 1):
 PSYoungGen      total 70656K, used 70644K [0x00000000d6100000, 0x00000000dab00000, 0x0000000100000000)
  eden space 65536K, 100% used [0x00000000d6100000,0x00000000da100000,0x00000000da100000)
  from space 5120K, 99% used [0x00000000da100000,0x00000000da5fd380,0x00000000da600000)
  to   space 5120K, 0% used [0x00000000da600000,0x00000000da600000,0x00000000dab00000)
 ParOldGen       total 68608K, used 37822K [0x0000000082200000, 0x0000000086500000, 0x00000000d6100000)
  object space 68608K, 55% used [0x0000000082200000,0x00000000846ef800,0x0000000086500000)
 Metaspace       used 23874K, capacity 24400K, committed 24576K, reserved 1071104K
  class space    used 2803K, capacity 2960K, committed 3072K, reserved 1048576K
Event: 6.046 GC heap after
Heap after GC invocations=11 (full 1):
 PSYoungGen      total 70656K, used 5100K [0x00000000d6100000, 0x00000000dab00000, 0x0000000100000000)
  eden space 65536K, 0% used [0x00000000d6100000,0x00000000d6100000,0x00000000da100000)
  from space 5120K, 99% used [0x00000000da600000,0x00000000daafb120,0x00000000dab00000)
  to   space 5120K, 0% used [0x00000000da100000,0x00000000da100000,0x00000000da600000)
 ParOldGen       total 68608K, used 46679K [0x0000000082200000, 0x0000000086500000, 0x00000000d6100000)
  object space 68608K, 68% used [0x0000000082200000,0x0000000084f95c78,0x0000000086500000)
 Metaspace       used 23874K, capacity 24400K, committed 24576K, reserved 1071104K
  class space    used 2803K, capacity 2960K, committed 3072K, reserved 1048576K
}
Event: 6.277 GC heap before
{Heap before GC invocations=12 (full 1):
 PSYoungGen      total 70656K, used 70636K [0x00000000d6100000, 0x00000000dab00000, 0x0000000100000000)
  eden space 65536K, 100% used [0x00000000d6100000,0x00000000da100000,0x00000000da100000)
  from space 5120K, 99% used [0x00000000da600000,0x00000000daafb120,0x00000000dab00000)
  to   space 5120K, 0% used [0x00000000da100000,0x00000000da100000,0x00000000da600000)
 ParOldGen       total 68608K, used 46679K [0x0000000082200000, 0x0000000086500000, 0x00000000d6100000)
  object space 68608K, 68% used [0x0000000082200000,0x0000000084f95c78,0x0000000086500000)
 Metaspace       used 23876K, capacity 24400K, committed 24576K, reserved 1071104K
  class space    used 2803K, capacity 2960K, committed 3072K, reserved 1048576K
Event: 6.288 GC heap after
Heap after GC invocations=12 (full 1):
 PSYoungGen      total 70656K, used 5093K [0x00000000d6100000, 0x00000000dab00000, 0x0000000100000000)
  eden space 65536K, 0% used [0x00000000d6100000,0x00000000d6100000,0x00000000da100000)
  from space 5120K, 99% used [0x00000000da100000,0x00000000da5f9590,0x00000000da600000)
  to   space 5120K, 0% used [0x00000000da600000,0x00000000da600000,0x00000000dab00000)
 ParOldGen       total 68608K, used 55771K [0x0000000082200000, 0x0000000086500000, 0x00000000d6100000)
  object space 68608K, 81% used [0x0000000082200000,0x0000000085876fe8,0x0000000086500000)
 Metaspace       used 23876K, capacity 24400K, committed 24576K, reserved 1071104K
  class space    used 2803K, capacity 2960K, committed 3072K, reserved 1048576K
}
Event: 6.499 GC heap before
{Heap before GC invocations=13 (full 1):
 PSYoungGen      total 70656K, used 70629K [0x00000000d6100000, 0x00000000dab00000, 0x0000000100000000)
  eden space 65536K, 100% used [0x00000000d6100000,0x00000000da100000,0x00000000da100000)
  from space 5120K, 99% used [0x00000000da100000,0x00000000da5f9590,0x00000000da600000)
  to   space 5120K, 0% used [0x00000000da600000,0x00000000da600000,0x00000000dab00000)
 ParOldGen       total 68608K, used 55771K [0x0000000082200000, 0x0000000086500000, 0x00000000d6100000)
  object space 68608K, 81% used [0x0000000082200000,0x0000000085876fe8,0x0000000086500000)
 Metaspace       used 23876K, capacity 24400K, committed 24576K, reserved 1071104K
  class space    used 2803K, capacity 2960K, committed 3072K, reserved 1048576K
Event: 6.512 GC heap after
Heap after GC invocations=13 (full 1):
 PSYoungGen      total 70656K, used 5089K [0x00000000d6100000, 0x00000000dab00000, 0x0000000100000000)
  eden space 65536K, 0% used [0x00000000d6100000,0x00000000d6100000,0x00000000da100000)
  from space 5120K, 99% used [0x00000000da600000,0x00000000daaf85a8,0x00000000dab00000)
  to   space 5120K, 0% used [0x00000000da100000,0x00000000da100000,0x00000000da600000)
 ParOldGen       total 68608K, used 64944K [0x0000000082200000, 0x0000000086500000, 0x00000000d6100000)
  object space 68608K, 94% used [0x0000000082200000,0x000000008616c150,0x0000000086500000)
 Metaspace       used 23876K, capacity 24400K, committed 24576K, reserved 1071104K
  class space    used 2803K, capacity 2960K, committed 3072K, reserved 1048576K
}
Event: 6.512 GC heap before
{Heap before GC invocations=14 (full 2):
 PSYoungGen      total 70656K, used 5089K [0x00000000d6100000, 0x00000000dab00000, 0x0000000100000000)
  eden space 65536K, 0% used [0x00000000d6100000,0x00000000d6100000,0x00000000da100000)
  from space 5120K, 99% used [0x00000000da600000,0x00000000daaf85a8,0x00000000dab00000)
  to   space 5120K, 0% used [0x00000000da100000,0x00000000da100000,0x00000000da600000)
 ParOldGen       total 68608K, used 64944K [0x0000000082200000, 0x0000000086500000, 0x00000000d6100000)
  object space 68608K, 94% used [0x0000000082200000,0x000000008616c150,0x0000000086500000)
 Metaspace       used 23876K, capacity 24400K, committed 24576K, reserved 1071104K
  class space    used 2803K, capacity 2960K, committed 3072K, reserved 1048576K
Event: 6.622 GC heap after
Heap after GC invocations=14 (full 2):
 PSYoungGen      total 70656K, used 0K [0x00000000d6100000, 0x00000000dab00000, 0x0000000100000000)
  eden space 65536K, 0% used [0x00000000d6100000,0x00000000d6100000,0x00000000da100000)
  from space 5120K, 0% used [0x00000000da600000,0x00000000da600000,0x00000000dab00000)
  to   space 5120K, 0% used [0x00000000da100000,0x00000000da100000,0x00000000da600000)
 ParOldGen       total 68608K, used 43237K [0x0000000082200000, 0x0000000086500000, 0x00000000d6100000)
  object space 68608K, 63% used [0x0000000082200000,0x0000000084c39610,0x0000000086500000)
 Metaspace       used 23876K, capacity 24400K, committed 24576K, reserved 1071104K
  class space    used 2803K, capacity 2960K, committed 3072K, reserved 1048576K
}
Event: 11.492 GC heap before
{Heap before GC invocations=15 (full 2):
 PSYoungGen      total 70656K, used 65536K [0x00000000d6100000, 0x00000000dab00000, 0x0000000100000000)
  eden space 65536K, 100% used [0x00000000d6100000,0x00000000da100000,0x00000000da100000)
  from space 5120K, 0% used [0x00000000da600000,0x00000000da600000,0x00000000dab00000)
  to   space 5120K, 0% used [0x00000000da100000,0x00000000da100000,0x00000000da600000)
 ParOldGen       total 68608K, used 43237K [0x0000000082200000, 0x0000000086500000, 0x00000000d6100000)
  object space 68608K, 63% used [0x0000000082200000,0x0000000084c39610,0x0000000086500000)
 Metaspace       used 26066K, capacity 26718K, committed 26880K, reserved 1073152K
  class space    used 3061K, capacity 3265K, committed 3328K, reserved 1048576K
Event: 11.526 GC heap after
Heap after GC invocations=15 (full 2):
 PSYoungGen      total 70656K, used 5117K [0x00000000d6100000, 0x00000000dab00000, 0x0000000100000000)
  eden space 65536K, 0% used [0x00000000d6100000,0x00000000d6100000,0x00000000da100000)
  from space 5120K, 99% used [0x00000000da100000,0x00000000da5ff5b8,0x00000000da600000)
  to   space 5120K, 0% used [0x00000000da600000,0x00000000da600000,0x00000000dab00000)
 ParOldGen       total 68608K, used 47858K [0x0000000082200000, 0x0000000086500000, 0x00000000d6100000)
  object space 68608K, 69% used [0x0000000082200000,0x00000000850bc940,0x0000000086500000)
 Metaspace       used 26066K, capacity 26718K, committed 26880K, reserved 1073152K
  class space    used 3061K, capacity 3265K, committed 3328K, reserved 1048576K
}

Deoptimization events (10 events):
Event: 5.217 Thread 0x000000001e688800 Uncommon trap: reason=unstable_if action=reinterpret pc=0x0000000003fe3c3c method=org.apache.tomcat.util.bcel.classfile.Attribute.readAttribute(Ljava/io/DataInputStream;Lorg/apache/tomcat/util/bcel/classfile/ConstantPool;)Lorg/apache/tomcat/util/bcel/clas
Event: 5.219 Thread 0x000000001e688800 Uncommon trap: reason=unstable_if action=reinterpret pc=0x0000000003f88f74 method=java.util.HashMap.removeNode(ILjava/lang/Object;Ljava/lang/Object;ZZ)Ljava/util/HashMap$Node; @ 71
Event: 5.306 Thread 0x000000001e688800 Uncommon trap: reason=unstable_if action=reinterpret pc=0x0000000003e98018 method=org.codehaus.plexus.classworlds.realm.Entry.matches(Ljava/lang/String;)Z @ 209
Event: 5.378 Thread 0x000000001e688800 Uncommon trap: reason=unstable_if action=reinterpret pc=0x0000000004014124 method=java.util.HashMap.removeNode(ILjava/lang/Object;Ljava/lang/Object;ZZ)Ljava/util/HashMap$Node; @ 71
Event: 6.653 Thread 0x000000001e688800 Uncommon trap: reason=unstable_if action=reinterpret pc=0x0000000003569f48 method=org.apache.catalina.startup.ContextConfig.getSCIsForClass(Ljava/lang/String;)Ljava/util/Set; @ 62
Event: 6.888 Thread 0x000000001e688800 Uncommon trap: reason=unstable_if action=reinterpret pc=0x0000000003bfed5c method=java.util.StringTokenizer.setMaxDelimCodePoint()V @ 71
Event: 6.895 Thread 0x000000001e688800 Uncommon trap: reason=unstable_if action=reinterpret pc=0x0000000003f43878 method=org.apache.tomcat.util.file.Matcher.match(Ljava/lang/String;Ljava/lang/String;Z)Z @ 85
Event: 6.998 Thread 0x000000001e688800 Uncommon trap: reason=predicate action=maybe_recompile pc=0x00000000035068fc method=java.lang.String.regionMatches(ZILjava/lang/String;II)Z @ 63
Event: 7.041 Thread 0x000000001e688800 Uncommon trap: reason=unstable_if action=reinterpret pc=0x00000000035ff65c method=java.io.WinNTFileSystem.normalizePrefix(Ljava/lang/String;ILjava/lang/StringBuffer;)I @ 6
Event: 7.042 Thread 0x000000001e688800 Uncommon trap: reason=unstable_if action=reinterpret pc=0x0000000003f595c4 method=com.sun.org.apache.xerces.internal.impl.XMLDocumentFragmentScannerImpl$FragmentContentDriver.next()I @ 452

Classes redefined (0 events):
No events

Internal exceptions (10 events):
Event: 2.441 Thread 0x0000000003192800 Implicit null exception at 0x000000000361dadb to 0x000000000361df51
Event: 2.458 Thread 0x0000000003192800 Implicit null exception at 0x00000000038ebb2c to 0x00000000038ecbb5
Event: 3.455 Thread 0x0000000003192800 Implicit null exception at 0x0000000003bd3113 to 0x0000000003bd4401
Event: 4.063 Thread 0x0000000003192800 Exception <a 'java/io/FileNotFoundException'> (0x00000000d65fbd70) thrown at [C:\jenkins\workspace\8-2-build-windows-amd64-cygwin\jdk8u251\737\hotspot\src\share\vm\prims\jni.cpp, line 710]
Event: 4.738 Thread 0x000000001e688800 Implicit null exception at 0x00000000034b31d4 to 0x00000000034b3579
Event: 4.738 Thread 0x000000001e688800 Implicit null exception at 0x000000000348f656 to 0x000000000348f9ed
Event: 4.842 Thread 0x000000001e688800 Implicit null exception at 0x0000000003bf587c to 0x0000000003bf5dad
Event: 6.986 Thread 0x000000001e688800 Exception <a 'java/lang/NoSuchFieldError': method resolution failed> (0x00000000d99a7828) thrown at [C:\jenkins\workspace\8-2-build-windows-amd64-cygwin\jdk8u251\737\hotspot\src\share\vm\prims\methodHandles.cpp, line 1167]
Event: 6.988 Thread 0x000000001e688800 Exception <a 'java/lang/NoSuchFieldError': method resolution failed> (0x00000000d99b5788) thrown at [C:\jenkins\workspace\8-2-build-windows-amd64-cygwin\jdk8u251\737\hotspot\src\share\vm\prims\methodHandles.cpp, line 1167]
Event: 7.021 Thread 0x000000001e688800 Exception <a 'java/io/FileNotFoundException'> (0x00000000d9b61820) thrown at [C:\jenkins\workspace\8-2-build-windows-amd64-cygwin\jdk8u251\737\hotspot\src\share\vm\prims\jni.cpp, line 710]

Events (10 events):
Event: 11.593 loading class sun/nio/cs/ext/ISO_8859_8 done
Event: 11.593 loading class sun/nio/cs/ext/JIS_X_0201
Event: 11.593 loading class sun/nio/cs/ext/JIS_X_0201 done
Event: 11.593 loading class sun/nio/cs/ext/JIS_X_0212
Event: 11.594 loading class sun/nio/cs/ext/JIS_X_0212 done
Event: 11.594 loading class sun/nio/cs/ext/SJIS
Event: 11.594 loading class sun/nio/cs/ext/SJIS done
Event: 11.595 loading class sun/nio/cs/ext/TIS_620
Event: 11.595 loading class sun/nio/cs/ext/TIS_620 done
Event: 11.596 loading class sun/nio/cs/ext/MS1255


Dynamic libraries:
0x00007ff7df280000 - 0x00007ff7df2b7000 	C:\Program Files\Java\jdk1.8.0_251\bin\java.exe
0x00007ffb88800000 - 0x00007ffb889f0000 	C:\Windows\SYSTEM32\ntdll.dll
0x00007ffb86fd0000 - 0x00007ffb87082000 	C:\Windows\System32\KERNEL32.DLL
0x00007ffb85c00000 - 0x00007ffb85ea5000 	C:\Windows\System32\KERNELBASE.dll
0x00007ffb877f0000 - 0x00007ffb87893000 	C:\Windows\System32\ADVAPI32.dll
0x00007ffb86c10000 - 0x00007ffb86cae000 	C:\Windows\System32\msvcrt.dll
0x00007ffb87920000 - 0x00007ffb879b7000 	C:\Windows\System32\sechost.dll
0x00007ffb88360000 - 0x00007ffb88480000 	C:\Windows\System32\RPCRT4.dll
0x00007ffb87b60000 - 0x00007ffb87cf4000 	C:\Windows\System32\USER32.dll
0x00007ffb86880000 - 0x00007ffb868a1000 	C:\Windows\System32\win32u.dll
0x00007ffb88240000 - 0x00007ffb88266000 	C:\Windows\System32\GDI32.dll
0x00007ffb85a60000 - 0x00007ffb85bf6000 	C:\Windows\System32\gdi32full.dll
0x00007ffb858c0000 - 0x00007ffb8595e000 	C:\Windows\System32\msvcp_win.dll
0x00007ffb85960000 - 0x00007ffb85a5a000 	C:\Windows\System32\ucrtbase.dll
0x00007ffb78270000 - 0x00007ffb784f4000 	C:\Windows\WinSxS\amd64_microsoft.windows.common-controls_6595b64144ccf1df_6.0.18362.1139_none_9e7bf2d3e4605ac6\COMCTL32.dll
0x00007ffb88480000 - 0x00007ffb887b5000 	C:\Windows\System32\combase.dll
0x00007ffb85840000 - 0x00007ffb858c0000 	C:\Windows\System32\bcryptPrimitives.dll
0x00007ffb86fa0000 - 0x00007ffb86fce000 	C:\Windows\System32\IMM32.DLL
0x00000000716d0000 - 0x00000000717a2000 	C:\Program Files\Java\jdk1.8.0_251\jre\bin\msvcr100.dll
0x0000000070310000 - 0x0000000070bbb000 	C:\Program Files\Java\jdk1.8.0_251\jre\bin\server\jvm.dll
0x00007ffb88270000 - 0x00007ffb88278000 	C:\Windows\System32\PSAPI.DLL
0x00007ffb7d440000 - 0x00007ffb7d44a000 	C:\Windows\SYSTEM32\VERSION.dll
0x00007ffb82090000 - 0x00007ffb820b4000 	C:\Windows\SYSTEM32\WINMM.dll
0x00007ffb82190000 - 0x00007ffb82199000 	C:\Windows\SYSTEM32\WSOCK32.dll
0x00007ffb87780000 - 0x00007ffb877ef000 	C:\Windows\System32\WS2_32.dll
0x00007ffb82060000 - 0x00007ffb8208d000 	C:\Windows\SYSTEM32\winmmbase.dll
0x00007ffb86830000 - 0x00007ffb8687a000 	C:\Windows\System32\cfgmgr32.dll
0x00007ffb82410000 - 0x00007ffb8241f000 	C:\Program Files\Java\jdk1.8.0_251\jre\bin\verify.dll
0x00007ffb81410000 - 0x00007ffb81439000 	C:\Program Files\Java\jdk1.8.0_251\jre\bin\java.dll
0x00007ffb7ffd0000 - 0x00007ffb7fff3000 	C:\Program Files\Java\jdk1.8.0_251\jre\bin\instrument.dll
0x00007ffb82160000 - 0x00007ffb82176000 	C:\Program Files\Java\jdk1.8.0_251\jre\bin\zip.dll
0x00007ffb87090000 - 0x00007ffb87777000 	C:\Windows\System32\SHELL32.dll
0x00007ffb868b0000 - 0x00007ffb86959000 	C:\Windows\System32\shcore.dll
0x00007ffb86030000 - 0x00007ffb867b0000 	C:\Windows\System32\windows.storage.dll
0x00007ffb856f0000 - 0x00007ffb85713000 	C:\Windows\System32\profapi.dll
0x00007ffb85720000 - 0x00007ffb8576a000 	C:\Windows\System32\powrprof.dll
0x00007ffb856c0000 - 0x00007ffb856d0000 	C:\Windows\System32\UMPDC.dll
0x00007ffb87b00000 - 0x00007ffb87b52000 	C:\Windows\System32\shlwapi.dll
0x00007ffb856d0000 - 0x00007ffb856e1000 	C:\Windows\System32\kernel.appcore.dll
0x00007ffb867b0000 - 0x00007ffb867c7000 	C:\Windows\System32\cryptsp.dll
0x00007ffb7ffb0000 - 0x00007ffb7ffca000 	D:\zhongruan\IntelliJ IDEA 2017.3.4\bin\breakgen64.dll
0x00007ffb7f9a0000 - 0x00007ffb7f9ba000 	C:\Program Files\Java\jdk1.8.0_251\jre\bin\net.dll
0x00007ffb84f10000 - 0x00007ffb84f77000 	C:\Windows\system32\mswsock.dll
0x00007ffb84a80000 - 0x00007ffb84ab3000 	C:\Windows\system32\rsaenh.dll
0x00007ffb86000000 - 0x00007ffb86026000 	C:\Windows\System32\bcrypt.dll
0x00007ffb855e0000 - 0x00007ffb85605000 	C:\Windows\SYSTEM32\USERENV.dll
0x00007ffb850e0000 - 0x00007ffb850ec000 	C:\Windows\SYSTEM32\CRYPTBASE.dll
0x00007ffb84c20000 - 0x00007ffb84c5a000 	C:\Windows\SYSTEM32\IPHLPAPI.DLL
0x00007ffb86960000 - 0x00007ffb86968000 	C:\Windows\System32\NSI.dll
0x00007ffb79250000 - 0x00007ffb79266000 	C:\Windows\SYSTEM32\dhcpcsvc6.DLL
0x00007ffb7d3b0000 - 0x00007ffb7d3cc000 	C:\Windows\SYSTEM32\dhcpcsvc.DLL
0x00007ffb84c60000 - 0x00007ffb84d2b000 	C:\Windows\SYSTEM32\DNSAPI.dll
0x00007ffb79010000 - 0x00007ffb79022000 	C:\Program Files\Java\jdk1.8.0_251\jre\bin\nio.dll
0x00007ffb81520000 - 0x00007ffb8152a000 	C:\Users\95640\AppData\Local\Temp\jansi-1.16-2515990502371368487.dll
0x00007ffb81400000 - 0x00007ffb8140a000 	C:\Users\95640\AppData\Local\Temp\jansi-1.16-615922437672178141.dll
0x00007ffb7fef0000 - 0x00007ffb7fefd000 	C:\Program Files\Java\jdk1.8.0_251\jre\bin\management.dll

VM Arguments:
jvm_args: -Dmaven.multiModuleProjectDirectory=D:\zhongruan\MavenSpace2\ZhongRuanTravel -Dfile.encoding=GB2312 -Dmaven.home=D:\developer\maven\maven-3.5.2 -Dclassworlds.conf=D:\developer\maven\maven-3.5.2\bin\m2.conf -javaagent:D:\zhongruan\IntelliJ IDEA 2017.3.4\lib\idea_rt.jar=62279:D:\zhongruan\IntelliJ IDEA 2017.3.4\bin 
java_command: org.codehaus.classworlds.Launcher -Didea.version=2017.3.4 -s D:\developer\maven\maven-3.5.2\conf\settings.xml -Dmaven.repo.local=D:\developer\maven\repository tomcat7:run
java_class_path (initial): D:\developer\maven\maven-3.5.2\boot\plexus-classworlds-2.5.2.jar;D:\zhongruan\IntelliJ IDEA 2017.3.4\lib\idea_rt.jar
Launcher Type: SUN_STANDARD

Environment Variables:
JAVA_HOME=C:\Program Files\Java\jdk1.8.0_251
CLASSPATH=.;C:\Program Files\Java\jdk1.8.0_251\lib\dt.jar;C:\Program Files\Java\jdk1.8.0_251\lib\tools.jar;
PATH=C:\Program Files (x86)\Common Files\Oracle\Java\javapath;C:\Windows\system32;C:\Windows;C:\Windows\System32\Wbem;C:\Windows\System32\WindowsPowerShell\v1.0\;C:\Windows\System32\OpenSSH\;D:\program Files\node.js\;C:\Program Files\Java\jdk1.8.0_251\bin;D:\commonFiles;D:\developmentTools\Android\android-sdk-windows\platform-tools;D:\developmentTools\Android\android-sdk-windows\tools;D:\developmentTools\Android\gradle-6.0\bin;D:\developer\mysql\server\bin;%MAVEN_HOME%\bin;C:\Users\95640\AppData\Local\Microsoft\WindowsApps;C:\Users\95640\AppData\Roaming\npm;D:\developmentTools\Microsoft VS Code\bin
USERNAME=95640
OS=Windows_NT
PROCESSOR_IDENTIFIER=Intel64 Family 6 Model 142 Stepping 9, GenuineIntel



---------------  S Y S T E M  ---------------

OS: Windows 10.0 , 64 bit Build 18362 (10.0.18362.1110)

CPU:total 4 (initial active 4) (2 cores per cpu, 2 threads per core) family 6 model 142 stepping 9, cmov, cx8, fxsr, mmx, sse, sse2, sse3, ssse3, sse4.1, sse4.2, popcnt, avx, avx2, aes, clmul, erms, 3dnowpref, lzcnt, ht, tsc, tscinvbit, bmi1, bmi2, adx

Memory: 4k page, physical 8243596k(2357260k free), swap 16107912k(5128k free)

vm_info: Java HotSpot(TM) 64-Bit Server VM (25.251-b08) for windows-amd64 JRE (1.8.0_251-b08), built on Mar 12 2020 06:31:49 by "" with MS VC++ 10.0 (VS2010)

time: Thu Oct 29 16:58:21 2020
timezone: 中国标准时间
elapsed time: 11 seconds (0d 0h 0m 11s)

